<?xml version="1.0" encoding="UTF-8"?>
<!-- Generated by org.testng.reporters.JUnitReportReporter -->
<testsuite hostname="DESKTOP-4S95062" failures="0" tests="1" name="com.inetbanking.TestCases.Tc_NewCustomerTest_003" time="4.384" errors="0" timestamp="2021-10-12T09:23:38 IST" skipped="0">
  <testcase classname="com.inetbanking.TestCases.Tc_NewCustomerTest_003" name="AddNewCustomerTest" time="4.384"/>
  <system-out/>
</testsuite> <!-- com.inetbanking.TestCases.Tc_NewCustomerTest_003 -->
