<?xml version="1.0" encoding="UTF-8"?>
<!-- Generated by org.testng.reporters.JUnitReportReporter -->
<testsuite skipped="0" hostname="DESKTOP-4S95062" name="com.inetbanking.TestCases.Tc_NewCustomerTesr_003" tests="1" failures="0" timestamp="2021-10-02T18:06:55 IST" time="5.306" errors="0">
  <testcase name="AddNewCustomerTest" time="5.306" classname="com.inetbanking.TestCases.Tc_NewCustomerTesr_003"/>
  <system-out/>
</testsuite> <!-- com.inetbanking.TestCases.Tc_NewCustomerTesr_003 -->
