<?xml version="1.0" encoding="UTF-8"?>
<!-- Generated by org.testng.reporters.JUnitReportReporter -->
<testsuite skipped="0" hostname="DESKTOP-4S95062" name="com.inetbanking.TestCases.Tc_LoginTest_001" tests="1" failures="0" timestamp="2021-10-02T18:06:55 IST" time="1.815" errors="0">
  <testcase name="LoginTest" time="1.815" classname="com.inetbanking.TestCases.Tc_LoginTest_001"/>
  <system-out/>
</testsuite> <!-- com.inetbanking.TestCases.Tc_LoginTest_001 -->
