<?xml version="1.0" encoding="UTF-8"?>
<!-- Generated by org.testng.reporters.JUnitReportReporter -->
<testsuite hostname="DESKTOP-4S95062" failures="0" tests="1" name="com.inetbanking.TestCases.Tc_NewCustomerTesr_003" time="4.791" errors="0" timestamp="02 Oct 2021 13:09:21 GMT" skipped="0">
  <testcase classname="com.inetbanking.TestCases.Tc_NewCustomerTesr_003" name="AddNewCustomerTest" time="4.791"/>
</testsuite> <!-- com.inetbanking.TestCases.Tc_NewCustomerTesr_003 -->
