<?xml version="1.0" encoding="UTF-8"?>
<!-- Generated by org.testng.reporters.JUnitReportReporter -->
<testsuite hostname="DESKTOP-4S95062" failures="0" tests="1" name="com.inetbanking.TestCases.Tc_LoginTest_001" time="1.347" errors="0" timestamp="02 Oct 2021 13:09:21 GMT" skipped="0">
  <testcase classname="com.inetbanking.TestCases.Tc_LoginTest_001" name="LoginTest" time="1.347"/>
</testsuite> <!-- com.inetbanking.TestCases.Tc_LoginTest_001 -->
